<?xml version="1.0" encoding="UTF-8"?>
<!-- Generated by org.testng.reporters.JUnitReportReporter -->
<testsuite hostname="MacBook-Pro.home" failures="0" tests="2" name="org.FirstSeleniumJavaTest" time="35.127" errors="0" timestamp="2020-11-30T00:22:41 TRT" skipped="0">
  <testcase classname="org.FirstSeleniumJavaTest" name="testEasy" time="28.874"/>
  <system-out/>
  <testcase classname="org.FirstSeleniumJavaTest" name="testTwo" time="6.253"/>
  <system-out/>
</testsuite> <!-- org.FirstSeleniumJavaTest -->
